[2020/12/25 09:53:43:888][j-area][main][com.yyb.learn.jarea.JAreaApp:655] The following profiles are active: dev_fy
[2020/12/25 09:53:55:466][j-area][main][com.yyb.learn.jarea.JAreaApp:61] Started JAreaApp in 14.217 seconds (JVM running for 16.329)
[2020/12/25 09:55:35:982][j-area][http-nio-3303-exec-1][com.yyb.learn.jarea.dao.AreaDao.getAreaInfoByPhone:143] ==>  Preparing: SELECT province provinceName, province_code provinceCode, city cityName, area_code cityCode FROM phone WHERE phone=? 
[2020/12/25 09:55:36:055][j-area][http-nio-3303-exec-1][com.yyb.learn.jarea.dao.AreaDao.getAreaInfoByPhone:143] ==> Parameters: 1823922(String)
[2020/12/25 09:55:36:147][j-area][http-nio-3303-exec-1][com.yyb.learn.jarea.dao.AreaDao.getAreaInfoByPhone:143] <==      Total: 1
[2020/12/25 09:55:44:651][j-area][http-nio-3303-exec-2][com.yyb.learn.jarea.dao.AreaDao.getAreaInfoByPhone:143] ==>  Preparing: SELECT province provinceName, province_code provinceCode, city cityName, area_code cityCode FROM phone WHERE phone=? 
[2020/12/25 09:55:44:652][j-area][http-nio-3303-exec-2][com.yyb.learn.jarea.dao.AreaDao.getAreaInfoByPhone:143] ==> Parameters: 1823922(String)
[2020/12/25 09:55:44:657][j-area][http-nio-3303-exec-2][com.yyb.learn.jarea.dao.AreaDao.getAreaInfoByPhone:143] <==      Total: 1
[2020/12/25 10:00:17:894][j-area][main][com.yyb.learn.jarea.JAreaApp:655] The following profiles are active: dev_fy
[2020/12/25 10:00:27:878][j-area][main][com.yyb.learn.jarea.JAreaApp:61] Started JAreaApp in 12.55 seconds (JVM running for 14.374)
[2020/12/25 10:01:19:132][j-area][http-nio-3303-exec-2][com.yyb.learn.jarea.dao.AreaDao.getAreaInfoByPhone:143] ==>  Preparing: SELECT province provinceName, province_code provinceCode, city cityName, area_code cityCode FROM phone WHERE phone=? 
[2020/12/25 10:01:19:181][j-area][http-nio-3303-exec-2][com.yyb.learn.jarea.dao.AreaDao.getAreaInfoByPhone:143] ==> Parameters: 1823922(String)
[2020/12/25 10:01:19:244][j-area][http-nio-3303-exec-2][com.yyb.learn.jarea.dao.AreaDao.getAreaInfoByPhone:143] <==      Total: 1
[2020/12/25 10:01:34:238][j-area][http-nio-3303-exec-3][com.yyb.learn.jarea.dao.AreaDao.getAreaInfoByPhone:143] ==>  Preparing: SELECT province provinceName, province_code provinceCode, city cityName, area_code cityCode FROM phone WHERE phone=? 
[2020/12/25 10:01:34:240][j-area][http-nio-3303-exec-3][com.yyb.learn.jarea.dao.AreaDao.getAreaInfoByPhone:143] ==> Parameters: 1823922(String)
[2020/12/25 10:01:34:247][j-area][http-nio-3303-exec-3][com.yyb.learn.jarea.dao.AreaDao.getAreaInfoByPhone:143] <==      Total: 1
[2020/12/25 10:01:37:387][j-area][http-nio-3303-exec-1][com.yyb.learn.jarea.dao.AreaDao.getAreaInfoByPhone:143] ==>  Preparing: SELECT province provinceName, province_code provinceCode, city cityName, area_code cityCode FROM phone WHERE phone=? 
[2020/12/25 10:01:37:388][j-area][http-nio-3303-exec-1][com.yyb.learn.jarea.dao.AreaDao.getAreaInfoByPhone:143] ==> Parameters: 1823922(String)
[2020/12/25 10:01:37:400][j-area][http-nio-3303-exec-1][com.yyb.learn.jarea.dao.AreaDao.getAreaInfoByPhone:143] <==      Total: 1
[2020/12/25 10:01:52:216][j-area][http-nio-3303-exec-4][com.yyb.learn.jarea.dao.AreaDao.getAreaInfoByPhone:143] ==>  Preparing: SELECT province provinceName, province_code provinceCode, city cityName, area_code cityCode FROM phone WHERE phone=? 
[2020/12/25 10:01:52:217][j-area][http-nio-3303-exec-4][com.yyb.learn.jarea.dao.AreaDao.getAreaInfoByPhone:143] ==> Parameters: 1823922(String)
[2020/12/25 10:01:52:220][j-area][http-nio-3303-exec-4][com.yyb.learn.jarea.dao.AreaDao.getAreaInfoByPhone:143] <==      Total: 1
[2020/12/25 10:01:54:980][j-area][http-nio-3303-exec-6][com.yyb.learn.jarea.dao.AreaDao.getAreaInfoByPhone:143] ==>  Preparing: SELECT province provinceName, province_code provinceCode, city cityName, area_code cityCode FROM phone WHERE phone=? 
[2020/12/25 10:01:54:981][j-area][http-nio-3303-exec-6][com.yyb.learn.jarea.dao.AreaDao.getAreaInfoByPhone:143] ==> Parameters: 1823922(String)
[2020/12/25 10:01:54:986][j-area][http-nio-3303-exec-6][com.yyb.learn.jarea.dao.AreaDao.getAreaInfoByPhone:143] <==      Total: 1
[2020/12/25 10:01:56:006][j-area][http-nio-3303-exec-7][com.yyb.learn.jarea.dao.AreaDao.getAreaInfoByPhone:143] ==>  Preparing: SELECT province provinceName, province_code provinceCode, city cityName, area_code cityCode FROM phone WHERE phone=? 
[2020/12/25 10:01:56:009][j-area][http-nio-3303-exec-7][com.yyb.learn.jarea.dao.AreaDao.getAreaInfoByPhone:143] ==> Parameters: 1823922(String)
[2020/12/25 10:01:56:014][j-area][http-nio-3303-exec-7][com.yyb.learn.jarea.dao.AreaDao.getAreaInfoByPhone:143] <==      Total: 1
[2020/12/25 10:07:49:148][j-area][main][com.yyb.learn.jarea.JAreaApp:655] The following profiles are active: dev_fy
[2020/12/25 10:07:58:246][j-area][main][com.yyb.learn.jarea.JAreaApp:61] Started JAreaApp in 11.468 seconds (JVM running for 13.033)
[2020/12/25 10:08:25:829][j-area][http-nio-3303-exec-2][com.yyb.learn.jarea.dao.AreaDao.getAreaInfoByPhone:143] ==>  Preparing: SELECT province provinceName, province_code provinceCode, city cityName, area_code cityCode FROM phone WHERE phone=? 
[2020/12/25 10:08:25:940][j-area][http-nio-3303-exec-2][com.yyb.learn.jarea.dao.AreaDao.getAreaInfoByPhone:143] ==> Parameters: 1823922(String)
[2020/12/25 10:08:26:010][j-area][http-nio-3303-exec-2][com.yyb.learn.jarea.dao.AreaDao.getAreaInfoByPhone:143] <==      Total: 1
[2020/12/25 10:08:57:324][j-area][http-nio-3303-exec-4][com.yyb.learn.jarea.dao.AreaDao.getAreaInfoByPhone:143] ==>  Preparing: SELECT province provinceName, province_code provinceCode, city cityName, area_code cityCode FROM phone WHERE phone=? 
[2020/12/25 10:08:57:326][j-area][http-nio-3303-exec-4][com.yyb.learn.jarea.dao.AreaDao.getAreaInfoByPhone:143] ==> Parameters: 1823922(String)
[2020/12/25 10:08:57:341][j-area][http-nio-3303-exec-4][com.yyb.learn.jarea.dao.AreaDao.getAreaInfoByPhone:143] <==      Total: 1
[2020/12/25 10:10:13:504][j-area][http-nio-3303-exec-6][com.yyb.learn.jarea.dao.AreaDao.getAreaInfoByPhone:143] ==>  Preparing: SELECT province provinceName, province_code provinceCode, city cityName, area_code cityCode FROM phone WHERE phone=? 
[2020/12/25 10:10:13:506][j-area][http-nio-3303-exec-6][com.yyb.learn.jarea.dao.AreaDao.getAreaInfoByPhone:143] ==> Parameters: 1823922(String)
[2020/12/25 10:10:13:509][j-area][http-nio-3303-exec-6][com.yyb.learn.jarea.dao.AreaDao.getAreaInfoByPhone:143] <==      Total: 1
[2020/12/25 10:10:28:066][j-area][http-nio-3303-exec-7][com.yyb.learn.jarea.dao.AreaDao.getAreaInfoByPhone:143] ==>  Preparing: SELECT province provinceName, province_code provinceCode, city cityName, area_code cityCode FROM phone WHERE phone=? 
[2020/12/25 10:10:28:069][j-area][http-nio-3303-exec-7][com.yyb.learn.jarea.dao.AreaDao.getAreaInfoByPhone:143] ==> Parameters: 1823922(String)
[2020/12/25 10:10:28:076][j-area][http-nio-3303-exec-7][com.yyb.learn.jarea.dao.AreaDao.getAreaInfoByPhone:143] <==      Total: 1
[2020/12/25 10:10:42:649][j-area][http-nio-3303-exec-9][com.yyb.learn.jarea.dao.AreaDao.getAreaInfoByPhone:143] ==>  Preparing: SELECT province provinceName, province_code provinceCode, city cityName, area_code cityCode FROM phone WHERE phone=? 
[2020/12/25 10:10:42:650][j-area][http-nio-3303-exec-9][com.yyb.learn.jarea.dao.AreaDao.getAreaInfoByPhone:143] ==> Parameters: 1823922(String)
[2020/12/25 10:10:42:656][j-area][http-nio-3303-exec-9][com.yyb.learn.jarea.dao.AreaDao.getAreaInfoByPhone:143] <==      Total: 1
[2020/12/25 10:11:02:331][j-area][http-nio-3303-exec-4][com.yyb.learn.jarea.dao.AreaDao.getAreaInfoByPhone:143] ==>  Preparing: SELECT province provinceName, province_code provinceCode, city cityName, area_code cityCode FROM phone WHERE phone=? 
[2020/12/25 10:11:02:332][j-area][http-nio-3303-exec-4][com.yyb.learn.jarea.dao.AreaDao.getAreaInfoByPhone:143] ==> Parameters: 1823922(String)
[2020/12/25 10:11:02:339][j-area][http-nio-3303-exec-4][com.yyb.learn.jarea.dao.AreaDao.getAreaInfoByPhone:143] <==      Total: 1
[2020/12/25 10:11:43:732][j-area][main][com.yyb.learn.jarea.JAreaApp:655] The following profiles are active: dev_fy
[2020/12/25 10:11:51:144][j-area][main][com.yyb.learn.jarea.JAreaApp:61] Started JAreaApp in 9.931 seconds (JVM running for 11.555)
[2020/12/25 10:13:15:115][j-area][http-nio-3303-exec-3][com.yyb.learn.jarea.dao.AreaDao.getAreaInfoByPhone:143] ==>  Preparing: SELECT province provinceName, province_code provinceCode, city cityName, area_code cityCode FROM phone WHERE phone=? 
[2020/12/25 10:13:15:167][j-area][http-nio-3303-exec-3][com.yyb.learn.jarea.dao.AreaDao.getAreaInfoByPhone:143] ==> Parameters: 1823922(String)
[2020/12/25 10:13:15:227][j-area][http-nio-3303-exec-3][com.yyb.learn.jarea.dao.AreaDao.getAreaInfoByPhone:143] <==      Total: 1
[2020/12/25 10:13:18:044][j-area][http-nio-3303-exec-2][com.yyb.learn.jarea.dao.AreaDao.getAreaInfoByPhone:143] ==>  Preparing: SELECT province provinceName, province_code provinceCode, city cityName, area_code cityCode FROM phone WHERE phone=? 
[2020/12/25 10:13:18:045][j-area][http-nio-3303-exec-2][com.yyb.learn.jarea.dao.AreaDao.getAreaInfoByPhone:143] ==> Parameters: 1823922(String)
[2020/12/25 10:13:18:051][j-area][http-nio-3303-exec-2][com.yyb.learn.jarea.dao.AreaDao.getAreaInfoByPhone:143] <==      Total: 1
[2020/12/25 10:13:25:709][j-area][http-nio-3303-exec-1][com.yyb.learn.jarea.dao.AreaDao.getAreaInfoByPhone:143] ==>  Preparing: SELECT province provinceName, province_code provinceCode, city cityName, area_code cityCode FROM phone WHERE phone=? 
[2020/12/25 10:13:25:710][j-area][http-nio-3303-exec-1][com.yyb.learn.jarea.dao.AreaDao.getAreaInfoByPhone:143] ==> Parameters: 1823922(String)
[2020/12/25 10:13:25:718][j-area][http-nio-3303-exec-1][com.yyb.learn.jarea.dao.AreaDao.getAreaInfoByPhone:143] <==      Total: 1
[2020/12/25 14:27:53:242][j-area][main][com.yyb.learn.jarea.JAreaApp:655] The following profiles are active: dev_fy
[2020/12/25 14:28:03:356][j-area][main][com.yyb.learn.jarea.JAreaApp:61] Started JAreaApp in 13.331 seconds (JVM running for 16.404)
[2020/12/25 14:28:35:058][j-area][http-nio-3303-exec-2][com.yyb.learn.jarea.controller.AreaController:27] [18239229645] Enter AreaController.getAreaInfoByPhone 
[2020/12/25 14:28:35:060][j-area][http-nio-3303-exec-2][com.yyb.learn.jarea.service.AreaService:28] [18239229645] Enter AreaService.getAreaInfoByPhone 
[2020/12/25 14:28:35:978][j-area][http-nio-3303-exec-2][com.yyb.learn.jarea.dao.AreaDao.getAreaInfoByPhone:143] ==>  Preparing: SELECT province provinceName, province_code provinceCode, city cityName, area_code cityCode FROM phone WHERE phone=? 
[2020/12/25 14:28:36:033][j-area][http-nio-3303-exec-2][com.yyb.learn.jarea.dao.AreaDao.getAreaInfoByPhone:143] ==> Parameters: 1823922(String)
[2020/12/25 14:28:36:110][j-area][http-nio-3303-exec-2][com.yyb.learn.jarea.dao.AreaDao.getAreaInfoByPhone:143] <==      Total: 1
[2020/12/25 14:33:18:582][j-area][main][com.yyb.learn.jarea.JAreaApp:655] The following profiles are active: dev_fy
[2020/12/25 14:33:26:797][j-area][main][com.yyb.learn.jarea.JAreaApp:61] Started JAreaApp in 10.977 seconds (JVM running for 12.725)
[2020/12/25 14:33:35:846][j-area][http-nio-3303-exec-8][com.yyb.learn.jarea.controller.AreaController:27] [18239229645] Enter AreaController.getAreaInfoByPhone 
[2020/12/25 14:33:35:847][j-area][http-nio-3303-exec-8][com.yyb.learn.jarea.service.AreaService:28] [18239229645] Enter AreaService.getAreaInfoByPhone 
[2020/12/25 14:33:36:687][j-area][http-nio-3303-exec-8][com.yyb.learn.jarea.dao.AreaDao.getAreaInfoByPhone:143] ==>  Preparing: SELECT province provinceName, province_code provinceCode, city cityName, area_code cityCode FROM phone WHERE phone=? 
[2020/12/25 14:33:36:777][j-area][http-nio-3303-exec-8][com.yyb.learn.jarea.dao.AreaDao.getAreaInfoByPhone:143] ==> Parameters: 1823922(String)
[2020/12/25 14:33:36:852][j-area][http-nio-3303-exec-8][com.yyb.learn.jarea.dao.AreaDao.getAreaInfoByPhone:143] <==      Total: 1
[2020/12/25 14:34:06:784][j-area][http-nio-3303-exec-7][com.yyb.learn.jarea.controller.AreaController:27] [1823922] Enter AreaController.getAreaInfoByPhone 
[2020/12/25 14:34:06:785][j-area][http-nio-3303-exec-7][com.yyb.learn.jarea.service.AreaService:28] [1823922] Enter AreaService.getAreaInfoByPhone 
[2020/12/25 14:34:06:786][j-area][http-nio-3303-exec-7][com.yyb.learn.jarea.dao.AreaDao.getAreaInfoByPhone:143] ==>  Preparing: SELECT province provinceName, province_code provinceCode, city cityName, area_code cityCode FROM phone WHERE phone=? 
[2020/12/25 14:34:06:787][j-area][http-nio-3303-exec-7][com.yyb.learn.jarea.dao.AreaDao.getAreaInfoByPhone:143] ==> Parameters: 1823922(String)
[2020/12/25 14:34:06:803][j-area][http-nio-3303-exec-7][com.yyb.learn.jarea.dao.AreaDao.getAreaInfoByPhone:143] <==      Total: 1
[2020/12/25 14:35:31:741][j-area][http-nio-3303-exec-2][com.yyb.learn.jarea.controller.AreaController:27] [18239229645] Enter AreaController.getAreaInfoByPhone 
[2020/12/25 14:35:31:742][j-area][http-nio-3303-exec-2][com.yyb.learn.jarea.service.AreaService:28] [18239229645] Enter AreaService.getAreaInfoByPhone 
[2020/12/25 14:35:31:789][j-area][http-nio-3303-exec-2][com.yyb.learn.jarea.dao.AreaDao.getAreaInfoByPhone:143] ==>  Preparing: SELECT province provinceName, province_code provinceCode, city cityName, area_code cityCode FROM phone WHERE phone=? 
[2020/12/25 14:35:31:791][j-area][http-nio-3303-exec-2][com.yyb.learn.jarea.dao.AreaDao.getAreaInfoByPhone:143] ==> Parameters: 1823922(String)
[2020/12/25 14:35:31:795][j-area][http-nio-3303-exec-2][com.yyb.learn.jarea.dao.AreaDao.getAreaInfoByPhone:143] <==      Total: 1
[2020/12/25 14:43:13:636][j-area][main][com.yyb.learn.jarea.JAreaApp:655] The following profiles are active: dev_fy
[2020/12/25 14:43:22:530][j-area][main][com.yyb.learn.jarea.JAreaApp:61] Started JAreaApp in 11.919 seconds (JVM running for 13.912)
[2020/12/25 14:43:31:852][j-area][http-nio-3303-exec-1][com.yyb.learn.jarea.controller.AreaController:27] [18239229645] Enter AreaController.getAreaInfoByPhone 
[2020/12/25 14:43:31:853][j-area][http-nio-3303-exec-1][com.yyb.learn.jarea.service.AreaService:28] [18239229645] Enter AreaService.getAreaInfoByPhone 
[2020/12/25 14:43:32:837][j-area][http-nio-3303-exec-1][com.yyb.learn.jarea.dao.AreaDao.getAreaInfoByPhone:143] ==>  Preparing: SELECT province provinceName, province_code provinceCode, city cityName, area_code cityCode FROM phone WHERE phone=? 
[2020/12/25 14:43:32:991][j-area][http-nio-3303-exec-1][com.yyb.learn.jarea.dao.AreaDao.getAreaInfoByPhone:143] ==> Parameters: 1823922(String)
[2020/12/25 14:43:33:074][j-area][http-nio-3303-exec-1][com.yyb.learn.jarea.dao.AreaDao.getAreaInfoByPhone:143] <==      Total: 1
[2020/12/25 17:40:50:998][j-area][main][com.yyb.learn.jarea.JAreaApp:655] The following profiles are active: dev_fy
[2020/12/25 17:41:01:645][j-area][main][com.yyb.learn.jarea.JAreaApp:61] Started JAreaApp in 15.087 seconds (JVM running for 17.707)
[2020/12/25 17:41:17:390][j-area][http-nio-3303-exec-3][com.yyb.learn.jarea.controller.AreaController:27] [18239229645] Enter AreaController.getAreaInfoByPhone 
[2020/12/25 17:41:18:151][j-area][http-nio-3303-exec-3][com.yyb.learn.jarea.dao.AreaDao.getAreaInfoByPhone:143] ==>  Preparing: SELECT province provinceName, province_code provinceCode, city cityName, area_code cityCode FROM phone WHERE phone=? 
[2020/12/25 17:41:18:257][j-area][http-nio-3303-exec-3][com.yyb.learn.jarea.dao.AreaDao.getAreaInfoByPhone:143] ==> Parameters: 1823922(String)
[2020/12/25 17:41:18:379][j-area][http-nio-3303-exec-3][com.yyb.learn.jarea.dao.AreaDao.getAreaInfoByPhone:143] <==      Total: 1
[2020/12/25 17:45:50:096][j-area][main][com.yyb.learn.jarea.JAreaApp:655] The following profiles are active: dev_fy
[2020/12/25 17:45:58:059][j-area][main][com.yyb.learn.jarea.JAreaApp:61] Started JAreaApp in 10.618 seconds (JVM running for 12.498)
[2020/12/25 17:46:04:045][j-area][http-nio-3303-exec-2][com.yyb.learn.jarea.controller.AreaController:29] [18239229645] Enter AreaController.getAreaInfoByPhone 
[2020/12/25 17:46:04:866][j-area][http-nio-3303-exec-2][com.yyb.learn.jarea.dao.AreaDao.getAreaInfoByPhone:143] ==>  Preparing: SELECT province provinceName, province_code provinceCode, city cityName, area_code cityCode FROM phone WHERE phone=? 
[2020/12/25 17:46:04:948][j-area][http-nio-3303-exec-2][com.yyb.learn.jarea.dao.AreaDao.getAreaInfoByPhone:143] ==> Parameters: 1823922(String)
[2020/12/25 17:46:05:022][j-area][http-nio-3303-exec-2][com.yyb.learn.jarea.dao.AreaDao.getAreaInfoByPhone:143] <==      Total: 1
[2020/12/25 17:49:49:249][j-area][main][com.yyb.learn.jarea.JAreaApp:655] The following profiles are active: dev_fy
[2020/12/25 17:49:58:109][j-area][main][com.yyb.learn.jarea.JAreaApp:61] Started JAreaApp in 12.187 seconds (JVM running for 14.161)
[2020/12/25 17:50:02:113][j-area][http-nio-3303-exec-1][com.yyb.learn.jarea.controller.AreaController:27] [18239229645] Enter AreaController.getAreaInfoByPhone 
[2020/12/25 17:50:02:904][j-area][http-nio-3303-exec-1][com.yyb.learn.jarea.dao.AreaDao.getAreaInfoByPhone:143] ==>  Preparing: SELECT province provinceName, province_code provinceCode, city cityName, area_code cityCode FROM phone WHERE phone=? 
[2020/12/25 17:50:02:965][j-area][http-nio-3303-exec-1][com.yyb.learn.jarea.dao.AreaDao.getAreaInfoByPhone:143] ==> Parameters: 1823922(String)
[2020/12/25 17:50:03:027][j-area][http-nio-3303-exec-1][com.yyb.learn.jarea.dao.AreaDao.getAreaInfoByPhone:143] <==      Total: 1
